<?xml version="1.0" encoding="UTF-8"?>
<!-- Generated by org.testng.reporters.JUnitReportReporter -->
<testsuite hostname="Alan" failures="0" tests="2" name="qaclickacademy.SeleniumTest" time="0.000" errors="0" timestamp="09 Oct 2019 23:41:38 GMT" skipped="0">
  <testcase classname="qaclickacademy.SeleniumTest" name="BrowserAutomation" time="0.000"/>
  <testcase classname="qaclickacademy.SeleniumTest" name="ElementsUi" time="0.000"/>
</testsuite> <!-- qaclickacademy.SeleniumTest -->
