<?xml version="1.0" encoding="UTF-8"?>
<!-- Generated by org.testng.reporters.JUnitReportReporter -->
<testsuite hostname="Alan" failures="0" tests="2" name="qaclickacademy.SeleniumTest" time="0.005" errors="0" timestamp="08 Oct 2019 01:38:25 GMT" skipped="0">
  <testcase classname="qaclickacademy.SeleniumTest" name="BrowserAutomation" time="0.005"/>
  <testcase classname="qaclickacademy.SeleniumTest" name="ElementsUi" time="0.000"/>
</testsuite> <!-- qaclickacademy.SeleniumTest -->
