<?xml version="1.0" encoding="UTF-8"?>
<!-- Generated by org.testng.reporters.JUnitReportReporter -->
<testsuite hostname="Alan" failures="0" tests="2" name="qaclickacademy.AppiumTest" time="0.000" errors="0" timestamp="08 Oct 2019 01:37:55 GMT" skipped="0">
  <testcase classname="qaclickacademy.AppiumTest" name="IOSAps" time="0.000"/>
  <testcase classname="qaclickacademy.AppiumTest" name="NativeAppAndroid" time="0.000"/>
</testsuite> <!-- qaclickacademy.AppiumTest -->
